<?xml version="1.0" encoding="UTF-8"?>
<!-- Generated by org.testng.reporters.JUnitReportReporter -->
<testsuite hostname="DESKTOP-CMEC40P" name="com.awstechguide.automation.AppTest" tests="1" failures="0" timestamp="9 May 2020 01:36:54 GMT" time="4.663" errors="0">
  <testcase name="testURL2" time="4.663" classname="com.awstechguide.automation.AppTest"/>
</testsuite> <!-- com.awstechguide.automation.AppTest -->
