<?xml version="1.0" encoding="UTF-8"?>
<!-- Generated by org.testng.reporters.JUnitReportReporter -->
<testsuite hostname="DESKTOP-CMEC40P" name="com.awstechguide.automation.AppTest" tests="1" failures="0" timestamp="11 May 2020 14:09:44 GMT" time="1.764" errors="0">
  <testcase name="testURL2" time="1.764" classname="com.awstechguide.automation.AppTest"/>
</testsuite> <!-- com.awstechguide.automation.AppTest -->
