<?xml version="1.0" encoding="UTF-8"?>
<!-- Generated by org.testng.reporters.JUnitReportReporter -->
<testsuite hostname="DESKTOP-CMEC40P" name="com.awstechguide.automation.AppTest2" tests="1" failures="0" timestamp="11 May 2020 14:45:17 GMT" time="2.958" errors="0">
  <testcase name="test1" time="2.958" classname="com.awstechguide.automation.AppTest2"/>
</testsuite> <!-- com.awstechguide.automation.AppTest2 -->
